<?xml version="1.0" encoding="UTF-8"?>
<!-- Generated by org.testng.reporters.JUnitReportReporter -->
<testsuite hostname="asus" failures="0" tests="2" name="testPackage.LoginTest" time="87.052" errors="0" timestamp="2025-09-12T16:09:14 IST" skipped="0">
  <testcase classname="testPackage.LoginTest" name="verifyLogin" time="34.208"/>
  <testcase classname="testPackage.LoginTest" name="clickandaddmore" time="52.844"/>
</testsuite> <!-- testPackage.LoginTest -->
