<?xml version="1.0" encoding="UTF-8"?>
<!-- Generated by org.testng.reporters.JUnitReportReporter -->
<testsuite hostname="Sugandha" failures="0" tests="2" name="testPackage.LoginTest" time="95.754" errors="0" timestamp="2025-09-15T14:35:40 IST" skipped="0">
  <testcase classname="testPackage.LoginTest" name="verifyLogin" time="39.600"/>
  <testcase classname="testPackage.LoginTest" name="clickandaddmore" time="56.154"/>
</testsuite> <!-- testPackage.LoginTest -->
