<?xml version="1.0" encoding="UTF-8"?>
<!-- Generated by org.testng.reporters.JUnitReportReporter -->
<testsuite hostname="asus" failures="0" tests="6" name="testPackage.LoginTest" time="116.942" errors="0" timestamp="2025-09-24T13:18:30 IST" skipped="3">
  <testcase classname="testPackage.LoginTest" name="verifyLogin" time="30.727"/>
  <testcase classname="testPackage.LoginTest" name="clickandaddmore" time="46.250"/>
  <testcase classname="testPackage.LoginTest" name="resetoption" time="39.965"/>
  <testcase classname="testPackage.LoginTest" name="shortnamevalidation">
    <skipped/>
  </testcase> <!-- shortnamevalidation -->
  <testcase classname="testPackage.LoginTest" name="filteractive">
    <skipped/>
  </testcase> <!-- filteractive -->
  <testcase classname="testPackage.LoginTest" name="searchclientname">
    <skipped/>
  </testcase> <!-- searchclientname -->
</testsuite> <!-- testPackage.LoginTest -->
