<?xml version="1.0" encoding="UTF-8"?>
<!-- Generated by org.testng.reporters.JUnitReportReporter -->
<testsuite hostname="asus" failures="0" tests="2" name="testPackage.LoginTest" time="128.595" errors="0" timestamp="2025-09-08T12:32:41 IST" skipped="0">
  <testcase classname="testPackage.LoginTest" name="verifyLogin" time="41.948"/>
  <testcase classname="testPackage.LoginTest" name="clickandaddmore" time="86.647"/>
</testsuite> <!-- testPackage.LoginTest -->
